[2022-02-17T04:50:57.994Z] Validating found git in: git
[2022-02-17T04:50:58.235Z] Using git 2.17.1 from git
[2022-02-17T04:50:58.401Z] > git rev-parse --git-dir [34ms]
[2022-02-17T04:50:58.441Z] Open repository: /home/maije/Desktop/JS/veterinaria/frontend
[2022-02-17T04:51:00.330Z] > git symbolic-ref --short HEAD [66ms]
[2022-02-17T04:51:00.381Z] > git for-each-ref --format=%(refname)%00%(upstream:short)%00%(objectname)%00%(upstream:track) refs/heads/master refs/remotes/master [33ms]
[2022-02-17T04:51:00.431Z] > git remote --verbose [22ms]
[2022-02-17T04:51:00.432Z] > git for-each-ref --sort -committerdate --format %(refname) %(objectname) %(*objectname) [35ms]
[2022-02-17T04:51:00.549Z] > git config --get commit.template [28ms]
[2022-02-17T04:51:03.191Z] > git symbolic-ref --short HEAD [3ms]
[2022-02-17T04:51:03.212Z] > git for-each-ref --format=%(refname)%00%(upstream:short)%00%(objectname)%00%(upstream:track) refs/heads/master refs/remotes/master [7ms]
[2022-02-17T04:51:03.243Z] > git for-each-ref --sort -committerdate --format %(refname) %(objectname) %(*objectname) [16ms]
[2022-02-17T04:51:03.245Z] > git remote --verbose [5ms]
[2022-02-17T04:51:03.307Z] > git config --get commit.template [5ms]
[2022-02-17T04:51:08.366Z] > git symbolic-ref --short HEAD [4ms]
[2022-02-17T04:51:08.386Z] > git for-each-ref --format=%(refname)%00%(upstream:short)%00%(objectname)%00%(upstream:track) refs/heads/master refs/remotes/master [5ms]
[2022-02-17T04:51:08.419Z] > git for-each-ref --sort -committerdate --format %(refname) %(objectname) %(*objectname) [18ms]
[2022-02-17T04:51:08.422Z] > git remote --verbose [6ms]
[2022-02-17T04:51:08.474Z] > git config --get commit.template [4ms]
[2022-02-17T04:51:23.815Z] > git ls-files --stage -- /home/maije/Desktop/JS/veterinaria/frontend/src/componentes/Tabla/fila.js [12772ms]
[2022-02-17T04:51:24.340Z] > git cat-file -s 24a4531ca8afd1843f06016b8b88eafb4ff70e1f [474ms]
[2022-02-17T04:51:24.342Z] > git symbolic-ref --short HEAD [528ms]
[2022-02-17T04:51:24.915Z] > git for-each-ref --format=%(refname)%00%(upstream:short)%00%(objectname)%00%(upstream:track) refs/heads/master refs/remotes/master [544ms]
[2022-02-17T04:51:25.104Z] > git remote --verbose [148ms]
[2022-02-17T04:51:25.104Z] > git for-each-ref --sort -committerdate --format %(refname) %(objectname) %(*objectname) [170ms]
[2022-02-17T04:51:27.856Z] > git config --get commit.template [2530ms]
[2022-02-17T04:51:38.141Z] > git symbolic-ref --short HEAD [21ms]
[2022-02-17T04:51:38.202Z] > git for-each-ref --format=%(refname)%00%(upstream:short)%00%(objectname)%00%(upstream:track) refs/heads/master refs/remotes/master [16ms]
[2022-02-17T04:51:38.473Z] > git for-each-ref --sort -committerdate --format %(refname) %(objectname) %(*objectname) [200ms]
[2022-02-17T04:51:38.480Z] > git remote --verbose [159ms]
[2022-02-17T04:51:50.125Z] > git config --get commit.template [1400ms]
[2022-02-17T04:51:55.375Z] > git symbolic-ref --short HEAD [29ms]
[2022-02-17T04:51:55.449Z] > git for-each-ref --format=%(refname)%00%(upstream:short)%00%(objectname)%00%(upstream:track) refs/heads/master refs/remotes/master [16ms]
[2022-02-17T04:51:55.554Z] > git for-each-ref --sort -committerdate --format %(refname) %(objectname) %(*objectname) [62ms]
[2022-02-17T04:51:55.588Z] > git remote --verbose [43ms]
