[2022-02-17 00:49:45.007] [exthost] [info] Extension host with pid 7903 started
[2022-02-17 00:49:45.460] [exthost] [info] ExtensionService#_doActivateExtension vscode.microsoft-authentication, startup: false, activationEvent: 'onAuthenticationRequest:microsoft'
[2022-02-17 00:49:45.819] [exthost] [info] ExtensionService#_doActivateExtension vscode.debug-auto-launch, startup: true, activationEvent: '*'
[2022-02-17 00:49:45.849] [exthost] [info] ExtensionService#_doActivateExtension vscode.git-base, startup: true, activationEvent: '*', root cause: vscode.github
[2022-02-17 00:49:45.894] [exthost] [info] ExtensionService#_doActivateExtension ecmel.vscode-html-css, startup: true, activationEvent: '*'
[2022-02-17 00:49:46.161] [exthost] [info] ExtensionService#_doActivateExtension humy2833.ftp-simple, startup: true, activationEvent: '*'
[2022-02-17 00:49:47.798] [exthost] [info] ExtensionService#_doActivateExtension Sophisticode.php-formatter, startup: true, activationEvent: '*'
[2022-02-17 00:49:47.849] [exthost] [info] ExtensionService#_doActivateExtension vscodevim.vim, startup: true, activationEvent: '*'
[2022-02-17 00:49:49.110] [exthost] [info] ExtensionService#_doActivateExtension vscode.git, startup: true, activationEvent: '*'
[2022-02-17 00:49:49.320] [exthost] [info] ExtensionService#_doActivateExtension vscode.github, startup: true, activationEvent: '*'
[2022-02-17 00:49:49.754] [exthost] [info] Eager extensions activated
[2022-02-17 00:49:49.756] [exthost] [info] ExtensionService#_doActivateExtension vscode.github-authentication, startup: false, activationEvent: 'onAuthenticationRequest:github'
[2022-02-17 00:49:49.971] [exthost] [info] ExtensionService#_doActivateExtension vscode.emmet, startup: false, activationEvent: 'onStartupFinished'
[2022-02-17 00:49:50.030] [exthost] [info] ExtensionService#_doActivateExtension vscode.merge-conflict, startup: false, activationEvent: 'onStartupFinished'
[2022-02-17 00:49:50.043] [exthost] [info] ExtensionService#_doActivateExtension esbenp.prettier-vscode, startup: false, activationEvent: 'onStartupFinished'
[2022-02-17 00:49:51.797] [exthost] [info] ExtensionService#_doActivateExtension ms-vscode-remote.remote-containers, startup: false, activationEvent: 'onStartupFinished'
[2022-02-17 00:49:53.815] [exthost] [info] ExtensionService#_doActivateExtension vscode.configuration-editing, startup: false, activationEvent: 'onLanguage:jsonc'
[2022-02-17 00:49:53.844] [exthost] [info] ExtensionService#_doActivateExtension vscode.json-language-features, startup: false, activationEvent: 'onLanguage:jsonc'
[2022-02-17 00:49:54.414] [exthost] [info] ExtensionService#_doActivateExtension vscode.typescript-language-features, startup: false, activationEvent: 'onLanguage:jsonc'
[2022-02-17 00:50:13.794] [exthost] [info] extension host terminating: renderer closed the socket
[2022-02-17 00:50:13.899] [exthost] [error] Error: ENOENT: no such file or directory, open '/home/maije/Desktop/JS/veterinaria/frontend/~/.vscode-root/User/globalStorage/vscodevim.vim/.registers'
[2022-02-17 00:50:13.901] [exthost] [info] Extension host with pid 7903 exiting with code 0
[2022-02-17 00:50:21.415] [exthost] [info] Extension host with pid 8005 started
[2022-02-17 00:50:21.415] [exthost] [info] Skipping acquiring lock for /home/maije/Desktop/JS/veterinaria/frontend/~/.vscode-root/User/workspaceStorage/52b27ca655b3f67d359ce90506e63098.
[2022-02-17 00:50:21.707] [exthost] [info] ExtensionService#_doActivateExtension vscode.microsoft-authentication, startup: false, activationEvent: 'onAuthenticationRequest:microsoft'
[2022-02-17 00:50:21.784] [exthost] [info] ExtensionService#_doActivateExtension vscode.debug-auto-launch, startup: true, activationEvent: '*'
[2022-02-17 00:50:21.792] [exthost] [info] ExtensionService#_doActivateExtension vscode.git-base, startup: true, activationEvent: '*', root cause: vscode.github
[2022-02-17 00:50:21.816] [exthost] [info] ExtensionService#_doActivateExtension vscodevim.vim, startup: true, activationEvent: '*'
[2022-02-17 00:50:22.083] [exthost] [info] ExtensionService#_doActivateExtension vscode.npm, startup: true, activationEvent: 'workspaceContains:package.json'
[2022-02-17 00:50:23.309] [exthost] [info] ExtensionService#_doActivateExtension vscode.github, startup: true, activationEvent: '*'
[2022-02-17 00:50:23.461] [exthost] [info] ExtensionService#_doActivateExtension vscode.git, startup: false, activationEvent: '*'
[2022-02-17 00:50:23.563] [exthost] [info] ExtensionService#_doActivateExtension ecmel.vscode-html-css, startup: false, activationEvent: '*'
[2022-02-17 00:50:23.757] [exthost] [info] ExtensionService#_doActivateExtension humy2833.ftp-simple, startup: false, activationEvent: '*'
[2022-02-17 00:50:24.628] [exthost] [info] ExtensionService#_doActivateExtension Sophisticode.php-formatter, startup: false, activationEvent: '*'
[2022-02-17 00:50:24.940] [exthost] [info] Eager extensions activated
[2022-02-17 00:50:25.017] [exthost] [info] ExtensionService#_doActivateExtension vscode.github-authentication, startup: false, activationEvent: 'onAuthenticationRequest:github'
[2022-02-17 00:50:25.110] [exthost] [info] ExtensionService#_doActivateExtension vscode.emmet, startup: false, activationEvent: 'onStartupFinished'
[2022-02-17 00:50:25.128] [exthost] [info] ExtensionService#_doActivateExtension vscode.merge-conflict, startup: false, activationEvent: 'onStartupFinished'
[2022-02-17 00:50:25.135] [exthost] [info] ExtensionService#_doActivateExtension esbenp.prettier-vscode, startup: false, activationEvent: 'onStartupFinished'
[2022-02-17 00:50:25.912] [exthost] [info] ExtensionService#_doActivateExtension ms-vscode-remote.remote-containers, startup: false, activationEvent: 'onStartupFinished'
[2022-02-17 00:50:26.565] [exthost] [warning] [Decorations] CAPPING events from decorations provider vscode.git 485
[2022-02-17 00:50:29.573] [exthost] [warning] [Decorations] CAPPING events from decorations provider vscode.git 487
[2022-02-17 00:50:34.756] [exthost] [warning] [Decorations] CAPPING events from decorations provider vscode.git 488
[2022-02-17 00:50:39.632] [exthost] [info] extension host terminating: renderer closed the socket
[2022-02-17 00:50:39.755] [exthost] [error] Error: ENOENT: no such file or directory, open '/home/maije/Desktop/JS/veterinaria/frontend/~/.vscode-root/User/globalStorage/vscodevim.vim/.registers'
[2022-02-17 00:50:39.756] [exthost] [info] Extension host with pid 8005 exiting with code 0
